<?xml version="1.0" encoding="UTF-8"?>
<!-- Generated by org.testng.reporters.JUnitXMLReporter -->
<testsuite ignored="0" hostname="rkagr55" failures="0" tests="3" name="Default test" time="0.04" errors="0" timestamp="2023-02-07T20:36:47 IST">
  <testcase classname="main.BaseClass" name="@BeforeSuite beforeSuite" time="-1.675782407035E9">
    <failure type="org.testng.TestNGException" message="
Parameter &amp;apos;browser&amp;apos; is required by BeforeSuite on method beforeSuite but has not been marked @Optional or defined
in C:\Users\rkag5\AppData\Local\Temp\testng-eclipse--17583594\testng-customsuite.xml">
      <![CDATA[org.testng.TestNGException: 
Parameter 'browser' is required by BeforeSuite on method beforeSuite but has not been marked @Optional or defined
in C:\Users\rkag5\AppData\Local\Temp\testng-eclipse--17583594\testng-customsuite.xml
at org.testng.internal.Parameters.createParams(Parameters.java:268)
at org.testng.internal.Parameters.createParametersForMethod(Parameters.java:356)
at org.testng.internal.Parameters.createParameters(Parameters.java:700)
at org.testng.internal.Parameters.createConfigurationParameters(Parameters.java:166)
at org.testng.internal.ConfigInvoker.invokeConfigurations(ConfigInvoker.java:301)
at org.testng.SuiteRunner.privateRun(SuiteRunner.java:327)
at org.testng.SuiteRunner.run(SuiteRunner.java:286)
at org.testng.SuiteRunnerWorker.runSuite(SuiteRunnerWorker.java:53)
at org.testng.SuiteRunnerWorker.run(SuiteRunnerWorker.java:96)
at org.testng.TestNG.runSuitesSequentially(TestNG.java:1218)
at org.testng.TestNG.runSuitesLocally(TestNG.java:1140)
at org.testng.TestNG.runSuites(TestNG.java:1069)
at org.testng.TestNG.run(TestNG.java:1037)
at org.testng.remote.AbstractRemoteTestNG.run(AbstractRemoteTestNG.java:115)
at org.testng.remote.RemoteTestNG.initAndRun(RemoteTestNG.java:251)
at org.testng.remote.RemoteTestNG.main(RemoteTestNG.java:77)
]]>
    </failure>
  </testcase> <!-- @BeforeSuite beforeSuite -->
  <testcase classname="main.BaseClass" name="@BeforeMethod beforeTest" time="-1.675782407067E9">
    <skipped/>
  </testcase> <!-- @BeforeMethod beforeTest -->
  <testcase classname="main.BaseClass" name="@AfterMethod afterTest" time="-1.675782407074E9">
    <skipped/>
  </testcase> <!-- @AfterMethod afterTest -->
  <testcase classname="tests.TCID1" name="launchLoginPage" time="0.0">
    <skipped/>
  </testcase> <!-- launchLoginPage -->
  <testcase classname="tests.TCID1" name="doLogin" time="0.0">
    <skipped/>
  </testcase> <!-- doLogin -->
  <testcase classname="tests.TCID1" name="isForgetPasswordLinkDisplayed" time="0.001">
    <skipped/>
  </testcase> <!-- isForgetPasswordLinkDisplayed -->
</testsuite> <!-- Default test -->
